[25848] debug @0.896342> [hit #1]$VAR1 = 1;
$VAR2 = '200 OK';
$VAR3 = '{"total_rows":7,"offset":0,"rows":[
{"id":"Again","key":"Again","value":{"rev":"1-0483582895b553277c2477cbe9ca44d4"}},
{"id":"One","key":"One","value":{"rev":"1-33111f979a79d6b3a4830457ba16c1d1"}},
{"id":"One1","key":"One1","value":{"rev":"1-a3534dff4031559572a85926cf6b1a9a"}},
{"id":"Take","key":"Take","value":{"rev":"1-f961c253e4de8da005594edeaa1fbe40"}},
{"id":"This is a new message","key":"This is a new message","value":{"rev":"1-60fef88be25e8fe52565ed75878fd816"}},
{"id":"Yo","key":"Yo","value":{"rev":"1-32912c895c6bce716a1d9bf07baf9fd5"}},
{"id":"new","key":"new","value":{"rev":"1-d7603d3409c7537794b77def2520a446"}}
]}
'; in ./main.pl l. 39
[25848] debug @1.340117> [hit #1]<!DOCTYPE html>
<html lang="en">
<head>
<title>List All Messages | Website Name |  | </title>
<meta name="description" content="Listing all the messages in alphabetical order | Description | ">
<meta name="keywords" content="list index all message messages alphabetical order | key words word keys questions | ">
<link rel="shortcut icon" href="">
<!-- Responsive and mobile friendly stuff -->
<meta name="HandheldFriendly" content="True">
<meta name="MobileOptimized" content="320">
<meta name="viewport" content="width=device-width, initial-scale=1.0">
<!-- Stylesheets -->
<link rel="stylesheet" href="https://unpkg.com/purecss@0.6.2/build/pure-min.css" integrity="sha384-UQiGfs9ICog+LwheBSRCt1o5cbyKIHbwjWscjemyBMT9YCUMZffs6UqUTd0hObXD" crossorigin="anonymous">
<link rel="stylesheet" href="https://unpkg.com/purecss@0.6.2/build/grids-responsive-min.css">
</head>
<body> 

<div id="topbar-grid" class="pure-grid">
	<span id="navigation-menu-unit" class="pure-u-1-5">
<div id="navigation-menu" class="pure-menu pure-menu-horizontal">
		<a href="/" class="pure-menu-heading pure-menu-link">Site:</a>
		<ul id="navbar-entries" class="pure-menu-list">
			<li id="navbar-list" class="pure-menu-item"><a href="/message/list" class="pure-menu-link">List</a></li>
			<li id="navbar-write" class="pure-menu-item"><a href="/message/write" class="pure-menu-link">Write</a></li>
		</ul>
</div>
	</span>
	<span id="account-info-unit" class="pure-u-4-5">
<div id="accountinfo">

	<form id="signinform" class="pure-form" action="/user/signin" method="post">
		<fieldset>
			<input id="username" name="username" type="username" placeholder="Username">
			<input id="password" name="userpassword" type="password" placeholder="Password">
			<button id="signinbutton" type="submit" class="pure-button pure-button-primary">Sign in</button>
		</fieldset>
	</form>
	<a href="/user/signup">Create account?</a>

</div>
	</span>
</div>


<div id="MessageMenu" class="pure-menu">
	<span class="pure-menu-heading">Messages by title:</span>
	<ol id="MessageList" type="A" class="pure-menu-list">

		<li id="Again" class="pure-menu-item"><a href="/message/view/Again" class="pure-menu-link">Again</a></li>

		<li id="One" class="pure-menu-item"><a href="/message/view/One" class="pure-menu-link">One</a></li>

		<li id="One1" class="pure-menu-item"><a href="/message/view/One1" class="pure-menu-link">One1</a></li>

		<li id="Take" class="pure-menu-item"><a href="/message/view/Take" class="pure-menu-link">Take</a></li>

		<li id="This is a new message" class="pure-menu-item"><a href="/message/view/This is a new message" class="pure-menu-link">This is a new message</a></li>

		<li id="Yo" class="pure-menu-item"><a href="/message/view/Yo" class="pure-menu-link">Yo</a></li>

		<li id="new" class="pure-menu-item"><a href="/message/view/new" class="pure-menu-link">new</a></li>

	</ol>
</div>
</body>
</html>
 in ./main.pl l. 61
[25848] debug @0.007539> [hit #2]$VAR1 = 1;
$VAR2 = '200 OK';
$VAR3 = '{"total_rows":7,"offset":0,"rows":[
{"id":"Again","key":"Again","value":{"rev":"1-0483582895b553277c2477cbe9ca44d4"}},
{"id":"One","key":"One","value":{"rev":"1-33111f979a79d6b3a4830457ba16c1d1"}},
{"id":"One1","key":"One1","value":{"rev":"1-a3534dff4031559572a85926cf6b1a9a"}},
{"id":"Take","key":"Take","value":{"rev":"1-f961c253e4de8da005594edeaa1fbe40"}},
{"id":"This is a new message","key":"This is a new message","value":{"rev":"1-60fef88be25e8fe52565ed75878fd816"}},
{"id":"Yo","key":"Yo","value":{"rev":"1-32912c895c6bce716a1d9bf07baf9fd5"}},
{"id":"new","key":"new","value":{"rev":"1-d7603d3409c7537794b77def2520a446"}}
]}
'; in ./main.pl l. 39
[25848] debug @0.013506> [hit #2]<!DOCTYPE html>
<html lang="en">
<head>
<title>List All Messages | Website Name |  | </title>
<meta name="description" content="Listing all the messages in alphabetical order | Description | ">
<meta name="keywords" content="list index all message messages alphabetical order | key words word keys questions | ">
<link rel="shortcut icon" href="">
<!-- Responsive and mobile friendly stuff -->
<meta name="HandheldFriendly" content="True">
<meta name="MobileOptimized" content="320">
<meta name="viewport" content="width=device-width, initial-scale=1.0">
<!-- Stylesheets -->
<link rel="stylesheet" href="https://unpkg.com/purecss@0.6.2/build/pure-min.css" integrity="sha384-UQiGfs9ICog+LwheBSRCt1o5cbyKIHbwjWscjemyBMT9YCUMZffs6UqUTd0hObXD" crossorigin="anonymous">
<link rel="stylesheet" href="https://unpkg.com/purecss@0.6.2/build/grids-responsive-min.css">
</head>
<body> 

<div id="topbar-grid" class="pure-grid">
	<span id="navigation-menu-unit" class="pure-u-1-5">
<div id="navigation-menu" class="pure-menu pure-menu-horizontal">
		<a href="/" class="pure-menu-heading pure-menu-link">Site:</a>
		<ul id="navbar-entries" class="pure-menu-list">
			<li id="navbar-list" class="pure-menu-item"><a href="/message/list" class="pure-menu-link">List</a></li>
			<li id="navbar-write" class="pure-menu-item"><a href="/message/write" class="pure-menu-link">Write</a></li>
		</ul>
</div>
	</span>
	<span id="account-info-unit" class="pure-u-4-5">
<div id="accountinfo">

	<form id="signinform" class="pure-form" action="/user/signin" method="post">
		<fieldset>
			<input id="username" name="username" type="username" placeholder="Username">
			<input id="password" name="userpassword" type="password" placeholder="Password">
			<button id="signinbutton" type="submit" class="pure-button pure-button-primary">Sign in</button>
		</fieldset>
	</form>
	<a href="/user/signup">Create account?</a>

</div>
	</span>
</div>


<div id="MessageMenu" class="pure-menu">
	<span class="pure-menu-heading">Messages by title:</span>
	<ol id="MessageList" type="A" class="pure-menu-list">

		<li id="Again" class="pure-menu-item"><a href="/message/view/Again" class="pure-menu-link">Again</a></li>

		<li id="One" class="pure-menu-item"><a href="/message/view/One" class="pure-menu-link">One</a></li>

		<li id="One1" class="pure-menu-item"><a href="/message/view/One1" class="pure-menu-link">One1</a></li>

		<li id="Take" class="pure-menu-item"><a href="/message/view/Take" class="pure-menu-link">Take</a></li>

		<li id="This is a new message" class="pure-menu-item"><a href="/message/view/This is a new message" class="pure-menu-link">This is a new message</a></li>

		<li id="Yo" class="pure-menu-item"><a href="/message/view/Yo" class="pure-menu-link">Yo</a></li>

		<li id="new" class="pure-menu-item"><a href="/message/view/new" class="pure-menu-link">new</a></li>

	</ol>
</div>
</body>
</html>
 in ./main.pl l. 61
